{"/Users/jonamar/Documents/unscramm/src/app/layout.tsx": {"path":"/Users/jonamar/Documents/unscramm/src/app/layout.tsx","statementMap":{"0":{"start":{"line":5,"column":18},"end":{"line":8,"column":2}},"1":{"start":{"line":10,"column":18},"end":{"line":13,"column":2}},"2":{"start":{"line":15,"column":34},"end":{"line":20,"column":2}},"3":{"start":{"line":22,"column":34},"end":{"line":38,"column":2}},"4":{"start":{"line":45,"column":2},"end":{"line":59,"column":4}}},"fnMap":{"0":{"name":"RootLayout","decl":{"start":{"line":40,"column":24},"end":{"line":40,"column":34}},"loc":{"start":{"line":44,"column":2},"end":{"line":60,"column":1}}}},"branchMap":{},"s":{"0":0,"1":0,"2":0,"3":0,"4":0},"f":{"0":0},"b":{}}
,"/Users/jonamar/Documents/unscramm/src/app/page.tsx": {"path":"/Users/jonamar/Documents/unscramm/src/app/page.tsx","statementMap":{"0":{"start":{"line":7,"column":2},"end":{"line":71,"column":4}}},"fnMap":{"0":{"name":"Home","decl":{"start":{"line":6,"column":24},"end":{"line":6,"column":28}},"loc":{"start":{"line":6,"column":28},"end":{"line":72,"column":1}}}},"branchMap":{},"s":{"0":0},"f":{"0":0},"b":{}}
,"/Users/jonamar/Documents/unscramm/src/app/providers.tsx": {"path":"/Users/jonamar/Documents/unscramm/src/app/providers.tsx","statementMap":{"0":{"start":{"line":11,"column":21},"end":{"line":11,"column":75}},"1":{"start":{"line":13,"column":24},"end":{"line":19,"column":1}},"2":{"start":{"line":14,"column":18},"end":{"line":14,"column":42}},"3":{"start":{"line":15,"column":2},"end":{"line":17,"column":3}},"4":{"start":{"line":16,"column":4},"end":{"line":16,"column":68}},"5":{"start":{"line":18,"column":2},"end":{"line":18,"column":17}},"6":{"start":{"line":23,"column":28},"end":{"line":23,"column":51}},"7":{"start":{"line":26,"column":2},"end":{"line":40,"column":9}},"8":{"start":{"line":28,"column":4},"end":{"line":28,"column":46}},"9":{"start":{"line":28,"column":39},"end":{"line":28,"column":46}},"10":{"start":{"line":31,"column":23},"end":{"line":31,"column":68}},"11":{"start":{"line":33,"column":4},"end":{"line":39,"column":5}},"12":{"start":{"line":34,"column":6},"end":{"line":34,"column":27}},"13":{"start":{"line":37,"column":26},"end":{"line":37,"column":83}},"14":{"start":{"line":38,"column":6},"end":{"line":38,"column":47}},"15":{"start":{"line":43,"column":2},"end":{"line":48,"column":14}},"16":{"start":{"line":44,"column":4},"end":{"line":44,"column":46}},"17":{"start":{"line":44,"column":39},"end":{"line":44,"column":46}},"18":{"start":{"line":46,"column":4},"end":{"line":46,"column":63}},"19":{"start":{"line":47,"column":4},"end":{"line":47,"column":41}},"20":{"start":{"line":50,"column":22},"end":{"line":52,"column":3}},"21":{"start":{"line":51,"column":4},"end":{"line":51,"column":67}},"22":{"start":{"line":51,"column":26},"end":{"line":51,"column":65}},"23":{"start":{"line":54,"column":16},"end":{"line":54,"column":38}},"24":{"start":{"line":56,"column":2},"end":{"line":60,"column":4}},"25":{"start":{"line":64,"column":2},"end":{"line":68,"column":4}}},"fnMap":{"0":{"name":"(anonymous_0)","decl":{"start":{"line":13,"column":24},"end":{"line":13,"column":27}},"loc":{"start":{"line":13,"column":29},"end":{"line":19,"column":1}}},"1":{"name":"ThemeProvider","decl":{"start":{"line":21,"column":16},"end":{"line":21,"column":29}},"loc":{"start":{"line":21,"column":73},"end":{"line":61,"column":1}}},"2":{"name":"(anonymous_2)","decl":{"start":{"line":26,"column":12},"end":{"line":26,"column":15}},"loc":{"start":{"line":26,"column":17},"end":{"line":40,"column":3}}},"3":{"name":"(anonymous_3)","decl":{"start":{"line":43,"column":12},"end":{"line":43,"column":15}},"loc":{"start":{"line":43,"column":17},"end":{"line":48,"column":3}}},"4":{"name":"(anonymous_4)","decl":{"start":{"line":50,"column":22},"end":{"line":50,"column":25}},"loc":{"start":{"line":50,"column":27},"end":{"line":52,"column":3}}},"5":{"name":"(anonymous_5)","decl":{"start":{"line":51,"column":13},"end":{"line":51,"column":22}},"loc":{"start":{"line":51,"column":26},"end":{"line":51,"column":65}}},"6":{"name":"Providers","decl":{"start":{"line":63,"column":24},"end":{"line":63,"column":33}},"loc":{"start":{"line":63,"column":77},"end":{"line":69,"column":1}}}},"branchMap":{"0":{"loc":{"start":{"line":15,"column":2},"end":{"line":17,"column":3}},"type":"if","locations":[{"start":{"line":15,"column":2},"end":{"line":17,"column":3}}]},"1":{"loc":{"start":{"line":28,"column":4},"end":{"line":28,"column":46}},"type":"if","locations":[{"start":{"line":28,"column":4},"end":{"line":28,"column":46}}]},"2":{"loc":{"start":{"line":33,"column":4},"end":{"line":39,"column":5}},"type":"if","locations":[{"start":{"line":33,"column":4},"end":{"line":39,"column":5}},{"start":{"line":35,"column":11},"end":{"line":39,"column":5}}]},"3":{"loc":{"start":{"line":38,"column":15},"end":{"line":38,"column":45}},"type":"cond-expr","locations":[{"start":{"line":38,"column":29},"end":{"line":38,"column":35}},{"start":{"line":38,"column":38},"end":{"line":38,"column":45}}]},"4":{"loc":{"start":{"line":44,"column":4},"end":{"line":44,"column":46}},"type":"if","locations":[{"start":{"line":44,"column":4},"end":{"line":44,"column":46}}]},"5":{"loc":{"start":{"line":51,"column":26},"end":{"line":51,"column":65}},"type":"cond-expr","locations":[{"start":{"line":51,"column":49},"end":{"line":51,"column":56}},{"start":{"line":51,"column":59},"end":{"line":51,"column":65}}]}},"s":{"0":0,"1":0,"2":0,"3":0,"4":0,"5":0,"6":0,"7":0,"8":0,"9":0,"10":0,"11":0,"12":0,"13":0,"14":0,"15":0,"16":0,"17":0,"18":0,"19":0,"20":0,"21":0,"22":0,"23":0,"24":0,"25":0},"f":{"0":0,"1":0,"2":0,"3":0,"4":0,"5":0,"6":0},"b":{"0":[0],"1":[0],"2":[0,0],"3":[0,0],"4":[0],"5":[0,0]}}
,"/Users/jonamar/Documents/unscramm/src/components/InstallPrompt.tsx": {"path":"/Users/jonamar/Documents/unscramm/src/components/InstallPrompt.tsx","statementMap":{"0":{"start":{"line":11,"column":29},"end":{"line":92,"column":1}},"1":{"start":{"line":13,"column":54},"end":{"line":13,"column":101}},"2":{"start":{"line":14,"column":40},"end":{"line":14,"column":55}},"3":{"start":{"line":15,"column":38},"end":{"line":15,"column":53}},"4":{"start":{"line":18,"column":2},"end":{"line":25,"column":9}},"5":{"start":{"line":19,"column":4},"end":{"line":24,"column":5}},"6":{"start":{"line":21,"column":6},"end":{"line":23,"column":7}},"7":{"start":{"line":22,"column":8},"end":{"line":22,"column":29}},"8":{"start":{"line":28,"column":2},"end":{"line":43,"column":9}},"9":{"start":{"line":29,"column":38},"end":{"line":36,"column":5}},"10":{"start":{"line":31,"column":6},"end":{"line":31,"column":25}},"11":{"start":{"line":33,"column":6},"end":{"line":33,"column":59}},"12":{"start":{"line":35,"column":6},"end":{"line":35,"column":50}},"13":{"start":{"line":35,"column":23},"end":{"line":35,"column":42}},"14":{"start":{"line":38,"column":4},"end":{"line":38,"column":78}},"15":{"start":{"line":40,"column":4},"end":{"line":42,"column":6}},"16":{"start":{"line":41,"column":6},"end":{"line":41,"column":83}},"17":{"start":{"line":46,"column":29},"end":{"line":64,"column":3}},"18":{"start":{"line":47,"column":4},"end":{"line":47,"column":36}},"19":{"start":{"line":47,"column":29},"end":{"line":47,"column":36}},"20":{"start":{"line":50,"column":4},"end":{"line":50,"column":32}},"21":{"start":{"line":53,"column":4},"end":{"line":63,"column":7}},"22":{"start":{"line":54,"column":6},"end":{"line":59,"column":7}},"23":{"start":{"line":55,"column":8},"end":{"line":55,"column":29}},"24":{"start":{"line":56,"column":8},"end":{"line":56,"column":56}},"25":{"start":{"line":58,"column":8},"end":{"line":58,"column":57}},"26":{"start":{"line":61,"column":6},"end":{"line":61,"column":34}},"27":{"start":{"line":62,"column":6},"end":{"line":62,"column":27}},"28":{"start":{"line":66,"column":2},"end":{"line":66,"column":46}},"29":{"start":{"line":66,"column":34},"end":{"line":66,"column":46}},"30":{"start":{"line":68,"column":2},"end":{"line":91,"column":4}},"31":{"start":{"line":77,"column":27},"end":{"line":77,"column":47}}},"fnMap":{"0":{"name":"(anonymous_0)","decl":{"start":{"line":11,"column":29},"end":{"line":11,"column":32}},"loc":{"start":{"line":11,"column":34},"end":{"line":92,"column":1}}},"1":{"name":"(anonymous_1)","decl":{"start":{"line":18,"column":12},"end":{"line":18,"column":15}},"loc":{"start":{"line":18,"column":17},"end":{"line":25,"column":3}}},"2":{"name":"(anonymous_2)","decl":{"start":{"line":28,"column":12},"end":{"line":28,"column":15}},"loc":{"start":{"line":28,"column":17},"end":{"line":43,"column":3}}},"3":{"name":"(anonymous_3)","decl":{"start":{"line":29,"column":38},"end":{"line":29,"column":39}},"loc":{"start":{"line":29,"column":51},"end":{"line":36,"column":5}}},"4":{"name":"(anonymous_4)","decl":{"start":{"line":35,"column":17},"end":{"line":35,"column":20}},"loc":{"start":{"line":35,"column":23},"end":{"line":35,"column":42}}},"5":{"name":"(anonymous_5)","decl":{"start":{"line":40,"column":11},"end":{"line":40,"column":14}},"loc":{"start":{"line":40,"column":16},"end":{"line":42,"column":5}}},"6":{"name":"(anonymous_6)","decl":{"start":{"line":46,"column":29},"end":{"line":46,"column":32}},"loc":{"start":{"line":46,"column":34},"end":{"line":64,"column":3}}},"7":{"name":"(anonymous_7)","decl":{"start":{"line":53,"column":39},"end":{"line":53,"column":40}},"loc":{"start":{"line":53,"column":77},"end":{"line":63,"column":5}}},"8":{"name":"(anonymous_8)","decl":{"start":{"line":77,"column":21},"end":{"line":77,"column":24}},"loc":{"start":{"line":77,"column":27},"end":{"line":77,"column":47}}}},"branchMap":{"0":{"loc":{"start":{"line":19,"column":4},"end":{"line":24,"column":5}},"type":"if","locations":[{"start":{"line":19,"column":4},"end":{"line":24,"column":5}}]},"1":{"loc":{"start":{"line":21,"column":6},"end":{"line":23,"column":7}},"type":"if","locations":[{"start":{"line":21,"column":6},"end":{"line":23,"column":7}}]},"2":{"loc":{"start":{"line":47,"column":4},"end":{"line":47,"column":36}},"type":"if","locations":[{"start":{"line":47,"column":4},"end":{"line":47,"column":36}}]},"3":{"loc":{"start":{"line":54,"column":6},"end":{"line":59,"column":7}},"type":"if","locations":[{"start":{"line":54,"column":6},"end":{"line":59,"column":7}},{"start":{"line":57,"column":13},"end":{"line":59,"column":7}}]},"4":{"loc":{"start":{"line":66,"column":2},"end":{"line":66,"column":46}},"type":"if","locations":[{"start":{"line":66,"column":2},"end":{"line":66,"column":46}}]},"5":{"loc":{"start":{"line":66,"column":6},"end":{"line":66,"column":32}},"type":"binary-expr","locations":[{"start":{"line":66,"column":6},"end":{"line":66,"column":17}},{"start":{"line":66,"column":21},"end":{"line":66,"column":32}}]}},"s":{"0":0,"1":0,"2":0,"3":0,"4":0,"5":0,"6":0,"7":0,"8":0,"9":0,"10":0,"11":0,"12":0,"13":0,"14":0,"15":0,"16":0,"17":0,"18":0,"19":0,"20":0,"21":0,"22":0,"23":0,"24":0,"25":0,"26":0,"27":0,"28":0,"29":0,"30":0,"31":0},"f":{"0":0,"1":0,"2":0,"3":0,"4":0,"5":0,"6":0,"7":0,"8":0},"b":{"0":[0],"1":[0],"2":[0],"3":[0,0],"4":[0],"5":[0,0]}}
,"/Users/jonamar/Documents/unscramm/src/components/ThemeToggle.tsx": {"path":"/Users/jonamar/Documents/unscramm/src/components/ThemeToggle.tsx","statementMap":{"0":{"start":{"line":5,"column":27},"end":{"line":36,"column":1}},"1":{"start":{"line":6,"column":33},"end":{"line":6,"column":43}},"2":{"start":{"line":8,"column":2},"end":{"line":35,"column":4}}},"fnMap":{"0":{"name":"(anonymous_0)","decl":{"start":{"line":5,"column":27},"end":{"line":5,"column":30}},"loc":{"start":{"line":5,"column":32},"end":{"line":36,"column":1}}}},"branchMap":{"0":{"loc":{"start":{"line":12,"column":31},"end":{"line":12,"column":66}},"type":"cond-expr","locations":[{"start":{"line":12,"column":50},"end":{"line":12,"column":57}},{"start":{"line":12,"column":60},"end":{"line":12,"column":66}}]},"1":{"loc":{"start":{"line":13,"column":26},"end":{"line":13,"column":61}},"type":"cond-expr","locations":[{"start":{"line":13,"column":45},"end":{"line":13,"column":52}},{"start":{"line":13,"column":55},"end":{"line":13,"column":61}}]},"2":{"loc":{"start":{"line":15,"column":7},"end":{"line":32,"column":null}},"type":"cond-expr","locations":[{"start":{"line":17,"column":8},"end":{"line":26,"column":null}},{"start":{"line":30,"column":8},"end":{"line":31,"column":null}}]}},"s":{"0":0,"1":0,"2":0},"f":{"0":0},"b":{"0":[0,0],"1":[0,0],"2":[0,0]}}
,"/Users/jonamar/Documents/unscramm/src/services/wordService.ts": {"path":"/Users/jonamar/Documents/unscramm/src/services/wordService.ts","statementMap":{"0":{"start":{"line":38,"column":10},"end":{"line":38,"column":33}},"1":{"start":{"line":46,"column":4},"end":{"line":46,"column":43}},"2":{"start":{"line":52,"column":4},"end":{"line":52,"column":14}},"3":{"start":{"line":58,"column":4},"end":{"line":58,"column":17}}},"fnMap":{"0":{"name":"(anonymous_0)","decl":{"start":{"line":40,"column":2},"end":{"line":40,"column":null}},"loc":{"start":{"line":40,"column":2},"end":{"line":42,"column":3}}},"1":{"name":"(anonymous_1)","decl":{"start":{"line":44,"column":2},"end":{"line":44,"column":7}},"loc":{"start":{"line":44,"column":21},"end":{"line":47,"column":3}}},"2":{"name":"(anonymous_2)","decl":{"start":{"line":50,"column":2},"end":{"line":50,"column":7}},"loc":{"start":{"line":50,"column":36},"end":{"line":53,"column":3}}},"3":{"name":"(anonymous_3)","decl":{"start":{"line":56,"column":2},"end":{"line":56,"column":7}},"loc":{"start":{"line":56,"column":32},"end":{"line":59,"column":3}}}},"branchMap":{},"s":{"0":0,"1":0,"2":0,"3":0},"f":{"0":0,"1":0,"2":0,"3":0},"b":{}}
,"/Users/jonamar/Documents/unscramm/src/utils/editPlan.ts": {"path":"/Users/jonamar/Documents/unscramm/src/utils/editPlan.ts","statementMap":{"0":{"start":{"line":12,"column":2},"end":{"line":16,"column":4}},"1":{"start":{"line":29,"column":2},"end":{"line":29,"column":12}}},"fnMap":{"0":{"name":"computeEditPlan","decl":{"start":{"line":10,"column":16},"end":{"line":10,"column":31}},"loc":{"start":{"line":10,"column":67},"end":{"line":17,"column":1}}},"1":{"name":"identifyTrueMovers","decl":{"start":{"line":27,"column":16},"end":{"line":27,"column":34}},"loc":{"start":{"line":27,"column":70},"end":{"line":30,"column":1}}}},"branchMap":{},"s":{"0":0,"1":0},"f":{"0":0,"1":0},"b":{}}
,"/Users/jonamar/Documents/unscramm/src/utils/flipUtils.ts": {"path":"/Users/jonamar/Documents/unscramm/src/utils/flipUtils.ts","statementMap":{"0":{"start":{"line":17,"column":2},"end":{"line":17,"column":19}},"1":{"start":{"line":30,"column":2},"end":{"line":30,"column":19}}},"fnMap":{"0":{"name":"recordInitialPositions","decl":{"start":{"line":15,"column":16},"end":{"line":15,"column":38}},"loc":{"start":{"line":15,"column":62},"end":{"line":18,"column":1}}},"1":{"name":"calculateInversion","decl":{"start":{"line":28,"column":16},"end":{"line":28,"column":34}},"loc":{"start":{"line":28,"column":103},"end":{"line":31,"column":1}}},"2":{"name":"playAnimation","decl":{"start":{"line":41,"column":16},"end":{"line":41,"column":29}},"loc":{"start":{"line":41,"column":114},"end":{"line":43,"column":1}}}},"branchMap":{"0":{"loc":{"start":{"line":41,"column":92},"end":{"line":41,"column":114}},"type":"default-arg","locations":[{"start":{"line":41,"column":111},"end":{"line":41,"column":114}}]}},"s":{"0":0,"1":0},"f":{"0":0,"1":0,"2":0},"b":{"0":[0]}}
,"/Users/jonamar/Documents/unscramm/src/utils/lcs.ts": {"path":"/Users/jonamar/Documents/unscramm/src/utils/lcs.ts","statementMap":{"0":{"start":{"line":12,"column":2},"end":{"line":12,"column":12}}},"fnMap":{"0":{"name":"findLCSPositions","decl":{"start":{"line":10,"column":16},"end":{"line":10,"column":32}},"loc":{"start":{"line":10,"column":68},"end":{"line":13,"column":1}}}},"branchMap":{},"s":{"0":0},"f":{"0":0},"b":{}}
}
