TN:
SF:src/app/layout.tsx
FN:40,RootLayout
FNF:1
FNH:0
FNDA:0,RootLayout
DA:5,0
DA:10,0
DA:15,0
DA:22,0
DA:45,0
LF:5
LH:0
BRF:0
BRH:0
end_of_record
TN:
SF:src/app/page.tsx
FN:6,Home
FNF:1
FNH:0
FNDA:0,Home
DA:7,0
LF:1
LH:0
BRF:0
BRH:0
end_of_record
TN:
SF:src/app/providers.tsx
FN:13,(anonymous_0)
FN:21,ThemeProvider
FN:26,(anonymous_2)
FN:43,(anonymous_3)
FN:50,(anonymous_4)
FN:51,(anonymous_5)
FN:63,Providers
FNF:7
FNH:0
FNDA:0,(anonymous_0)
FNDA:0,ThemeProvider
FNDA:0,(anonymous_2)
FNDA:0,(anonymous_3)
FNDA:0,(anonymous_4)
FNDA:0,(anonymous_5)
FNDA:0,Providers
DA:11,0
DA:13,0
DA:14,0
DA:15,0
DA:16,0
DA:18,0
DA:23,0
DA:26,0
DA:28,0
DA:31,0
DA:33,0
DA:34,0
DA:37,0
DA:38,0
DA:43,0
DA:44,0
DA:46,0
DA:47,0
DA:50,0
DA:51,0
DA:54,0
DA:56,0
DA:64,0
LF:23
LH:0
BRDA:15,0,0,0
BRDA:28,1,0,0
BRDA:33,2,0,0
BRDA:33,2,1,0
BRDA:38,3,0,0
BRDA:38,3,1,0
BRDA:44,4,0,0
BRDA:51,5,0,0
BRDA:51,5,1,0
BRF:9
BRH:0
end_of_record
TN:
SF:src/components/InstallPrompt.tsx
FN:11,(anonymous_0)
FN:18,(anonymous_1)
FN:28,(anonymous_2)
FN:29,(anonymous_3)
FN:35,(anonymous_4)
FN:40,(anonymous_5)
FN:46,(anonymous_6)
FN:53,(anonymous_7)
FN:77,(anonymous_8)
FNF:9
FNH:0
FNDA:0,(anonymous_0)
FNDA:0,(anonymous_1)
FNDA:0,(anonymous_2)
FNDA:0,(anonymous_3)
FNDA:0,(anonymous_4)
FNDA:0,(anonymous_5)
FNDA:0,(anonymous_6)
FNDA:0,(anonymous_7)
FNDA:0,(anonymous_8)
DA:11,0
DA:13,0
DA:14,0
DA:15,0
DA:18,0
DA:19,0
DA:21,0
DA:22,0
DA:28,0
DA:29,0
DA:31,0
DA:33,0
DA:35,0
DA:38,0
DA:40,0
DA:41,0
DA:46,0
DA:47,0
DA:50,0
DA:53,0
DA:54,0
DA:55,0
DA:56,0
DA:58,0
DA:61,0
DA:62,0
DA:66,0
DA:68,0
DA:77,0
LF:29
LH:0
BRDA:19,0,0,0
BRDA:21,1,0,0
BRDA:47,2,0,0
BRDA:54,3,0,0
BRDA:54,3,1,0
BRDA:66,4,0,0
BRDA:66,5,0,0
BRDA:66,5,1,0
BRF:8
BRH:0
end_of_record
TN:
SF:src/components/ThemeToggle.tsx
FN:5,(anonymous_0)
FNF:1
FNH:0
FNDA:0,(anonymous_0)
DA:5,0
DA:6,0
DA:8,0
LF:3
LH:0
BRDA:12,0,0,0
BRDA:12,0,1,0
BRDA:13,1,0,0
BRDA:13,1,1,0
BRDA:15,2,0,0
BRDA:15,2,1,0
BRF:6
BRH:0
end_of_record
TN:
SF:src/services/wordService.ts
FN:40,(anonymous_0)
FN:44,(anonymous_1)
FN:50,(anonymous_2)
FN:56,(anonymous_3)
FNF:4
FNH:0
FNDA:0,(anonymous_0)
FNDA:0,(anonymous_1)
FNDA:0,(anonymous_2)
FNDA:0,(anonymous_3)
DA:38,0
DA:46,0
DA:52,0
DA:58,0
LF:4
LH:0
BRF:0
BRH:0
end_of_record
TN:
SF:src/utils/editPlan.ts
FN:10,computeEditPlan
FN:27,identifyTrueMovers
FNF:2
FNH:0
FNDA:0,computeEditPlan
FNDA:0,identifyTrueMovers
DA:12,0
DA:29,0
LF:2
LH:0
BRF:0
BRH:0
end_of_record
TN:
SF:src/utils/flipUtils.ts
FN:15,recordInitialPositions
FN:28,calculateInversion
FN:41,playAnimation
FNF:3
FNH:0
FNDA:0,recordInitialPositions
FNDA:0,calculateInversion
FNDA:0,playAnimation
DA:17,0
DA:30,0
LF:2
LH:0
BRDA:41,0,0,0
BRF:1
BRH:0
end_of_record
TN:
SF:src/utils/lcs.ts
FN:10,findLCSPositions
FNF:1
FNH:0
FNDA:0,findLCSPositions
DA:12,0
LF:1
LH:0
BRF:0
BRH:0
end_of_record
